{
  "stats": {
    "suites": 6,
    "tests": 6,
    "passes": 6,
    "pending": 0,
    "failures": 0,
    "testsRegistered": 6,
    "passPercent": 100,
    "pendingPercent": 0,
    "other": 0,
    "hasOther": false,
    "skipped": 0,
    "hasSkipped": false,
    "start": "2025-08-24T19:13:07.343Z",
    "end": "2025-08-24T19:21:42.247Z",
    "duration": 514904
  },
  "results": [
    {
      "uuid": "4eb0c2d1-b378-436f-83ae-ad3793ba44eb",
      "title": "",
      "fullFile": "cypress\\e2e\\add_to_cart.cy.js",
      "file": "cypress\\e2e\\add_to_cart.cy.js",
      "beforeHooks": [],
      "afterHooks": [],
      "tests": [],
      "suites": [
        {
          "uuid": "0e0a734e-28cc-4426-8137-0c3d0e3d9446",
          "title": "Product Page Functionality",
          "fullFile": "",
          "file": "",
          "beforeHooks": [],
          "afterHooks": [],
          "tests": [
            {
              "title": "should allow a user to add an item to the cart",
              "fullTitle": "Product Page Functionality should allow a user to add an item to the cart",
              "timedOut": null,
              "duration": 11989,
              "state": "passed",
              "speed": "slow",
              "pass": true,
              "fail": false,
              "pending": false,
              "context": null,
              "code": "const ad = new _InventoryPage.default();\nad.visitproduct();\nad.clickonbluetop();\nad.continueshop();\nad.opencart();\nad.verifybluetop();",
              "err": {},
              "uuid": "59d87fc3-98db-4188-9eee-bc52145aaba5",
              "parentUUID": "0e0a734e-28cc-4426-8137-0c3d0e3d9446",
              "isHook": false,
              "skipped": false
            }
          ],
          "suites": [],
          "passes": [
            "59d87fc3-98db-4188-9eee-bc52145aaba5"
          ],
          "failures": [],
          "pending": [],
          "skipped": [],
          "duration": 11989,
          "root": false,
          "rootEmpty": false,
          "_timeout": 2000
        }
      ],
      "passes": [],
      "failures": [],
      "pending": [],
      "skipped": [],
      "duration": 0,
      "root": true,
      "rootEmpty": true,
      "_timeout": 2000
    },
    {
      "uuid": "fd5fe61a-48c3-4e00-a0ec-99aaab706294",
      "title": "",
      "fullFile": "cypress\\e2e\\spec.cy.js",
      "file": "cypress\\e2e\\spec.cy.js",
      "beforeHooks": [],
      "afterHooks": [],
      "tests": [],
      "suites": [
        {
          "uuid": "1e5d86a8-258d-4af3-84bb-6c016c6047b5",
          "title": "template spec",
          "fullFile": "",
          "file": "",
          "beforeHooks": [],
          "afterHooks": [],
          "tests": [
            {
              "title": "passes",
              "fullTitle": "template spec passes",
              "timedOut": null,
              "duration": 359,
              "state": "passed",
              "speed": "fast",
              "pass": true,
              "fail": false,
              "pending": false,
              "context": null,
              "code": "cy.visit('https://example.cypress.io');",
              "err": {},
              "uuid": "b03d1185-c6ab-4bdb-b265-174d6b54e25a",
              "parentUUID": "1e5d86a8-258d-4af3-84bb-6c016c6047b5",
              "isHook": false,
              "skipped": false
            }
          ],
          "suites": [],
          "passes": [
            "b03d1185-c6ab-4bdb-b265-174d6b54e25a"
          ],
          "failures": [],
          "pending": [],
          "skipped": [],
          "duration": 359,
          "root": false,
          "rootEmpty": false,
          "_timeout": 2000
        }
      ],
      "passes": [],
      "failures": [],
      "pending": [],
      "skipped": [],
      "duration": 0,
      "root": true,
      "rootEmpty": true,
      "_timeout": 2000
    },
    {
      "uuid": "e500cdee-b83b-43a1-b86d-a53e9509ba8d",
      "title": "",
      "fullFile": "cypress\\e2e\\Login.cy.js",
      "file": "cypress\\e2e\\Login.cy.js",
      "beforeHooks": [],
      "afterHooks": [],
      "tests": [],
      "suites": [
        {
          "uuid": "9f2b0d38-be65-4639-b129-b333fe5327b6",
          "title": "login test",
          "fullFile": "",
          "file": "",
          "beforeHooks": [],
          "afterHooks": [],
          "tests": [
            {
              "title": "login with valid password",
              "fullTitle": "login test login with valid password",
              "timedOut": null,
              "duration": 10210,
              "state": "passed",
              "speed": "slow",
              "pass": true,
              "fail": false,
              "pending": false,
              "context": null,
              "code": "const ln = new _LoginPage.default();\nln.openpage();\nln.setusename(\"eashan2@gmail.com\");\nln.setpassword(\"Password@1234\");\nln.clicksubmit();\nln.verifylogin();",
              "err": {},
              "uuid": "39280ada-53b3-459c-86e9-bbbd600d528d",
              "parentUUID": "9f2b0d38-be65-4639-b129-b333fe5327b6",
              "isHook": false,
              "skipped": false
            }
          ],
          "suites": [],
          "passes": [
            "39280ada-53b3-459c-86e9-bbbd600d528d"
          ],
          "failures": [],
          "pending": [],
          "skipped": [],
          "duration": 10210,
          "root": false,
          "rootEmpty": false,
          "_timeout": 2000
        }
      ],
      "passes": [],
      "failures": [],
      "pending": [],
      "skipped": [],
      "duration": 0,
      "root": true,
      "rootEmpty": true,
      "_timeout": 2000
    },
    {
      "uuid": "b16552a0-d016-47c4-a810-992fa76d5c37",
      "title": "",
      "fullFile": "cypress\\e2e\\add_to_cart.cy.js",
      "file": "cypress\\e2e\\add_to_cart.cy.js",
      "beforeHooks": [],
      "afterHooks": [],
      "tests": [],
      "suites": [
        {
          "uuid": "e8c3133d-a84d-4a00-a92f-a944c0d6d1b5",
          "title": "Product Page Functionality",
          "fullFile": "",
          "file": "",
          "beforeHooks": [],
          "afterHooks": [],
          "tests": [
            {
              "title": "should allow a user to add an item to the cart",
              "fullTitle": "Product Page Functionality should allow a user to add an item to the cart",
              "timedOut": null,
              "duration": 13176,
              "state": "passed",
              "speed": "slow",
              "pass": true,
              "fail": false,
              "pending": false,
              "context": null,
              "code": "const ad = new _InventoryPage.default();\nad.visitproduct();\nad.clickonbluetop();\nad.continueshop();\nad.opencart();\nad.verifybluetop();",
              "err": {},
              "uuid": "1dc7a5f0-f5f9-4fd0-b7e0-16227dba57eb",
              "parentUUID": "e8c3133d-a84d-4a00-a92f-a944c0d6d1b5",
              "isHook": false,
              "skipped": false
            }
          ],
          "suites": [],
          "passes": [
            "1dc7a5f0-f5f9-4fd0-b7e0-16227dba57eb"
          ],
          "failures": [],
          "pending": [],
          "skipped": [],
          "duration": 13176,
          "root": false,
          "rootEmpty": false,
          "_timeout": 2000
        }
      ],
      "passes": [],
      "failures": [],
      "pending": [],
      "skipped": [],
      "duration": 0,
      "root": true,
      "rootEmpty": true,
      "_timeout": 2000
    },
    {
      "uuid": "043c06a7-9e92-4da4-8e0b-e6ab337400b1",
      "title": "",
      "fullFile": "cypress\\e2e\\spec.cy.js",
      "file": "cypress\\e2e\\spec.cy.js",
      "beforeHooks": [],
      "afterHooks": [],
      "tests": [],
      "suites": [
        {
          "uuid": "b52c8cf7-1a89-4a40-a4dc-0fc1039a3558",
          "title": "template spec",
          "fullFile": "",
          "file": "",
          "beforeHooks": [],
          "afterHooks": [],
          "tests": [
            {
              "title": "passes",
              "fullTitle": "template spec passes",
              "timedOut": null,
              "duration": 954,
              "state": "passed",
              "speed": "fast",
              "pass": true,
              "fail": false,
              "pending": false,
              "context": null,
              "code": "cy.visit('https://example.cypress.io');",
              "err": {},
              "uuid": "fa5393f5-83ec-4eba-a067-c9b8f3cfa1d5",
              "parentUUID": "b52c8cf7-1a89-4a40-a4dc-0fc1039a3558",
              "isHook": false,
              "skipped": false
            }
          ],
          "suites": [],
          "passes": [
            "fa5393f5-83ec-4eba-a067-c9b8f3cfa1d5"
          ],
          "failures": [],
          "pending": [],
          "skipped": [],
          "duration": 954,
          "root": false,
          "rootEmpty": false,
          "_timeout": 2000
        }
      ],
      "passes": [],
      "failures": [],
      "pending": [],
      "skipped": [],
      "duration": 0,
      "root": true,
      "rootEmpty": true,
      "_timeout": 2000
    },
    {
      "uuid": "9a92f265-dd80-44e3-835a-a5b3dea48c38",
      "title": "",
      "fullFile": "cypress\\e2e\\Login.cy.js",
      "file": "cypress\\e2e\\Login.cy.js",
      "beforeHooks": [],
      "afterHooks": [],
      "tests": [],
      "suites": [
        {
          "uuid": "2f358690-97c7-49ee-88a6-5a4887cff295",
          "title": "login test",
          "fullFile": "",
          "file": "",
          "beforeHooks": [],
          "afterHooks": [],
          "tests": [
            {
              "title": "login with valid password",
              "fullTitle": "login test login with valid password",
              "timedOut": null,
              "duration": 7432,
              "state": "passed",
              "speed": "medium",
              "pass": true,
              "fail": false,
              "pending": false,
              "context": null,
              "code": "const ln = new _LoginPage.default();\nln.openpage();\nln.setusename(\"eashan2@gmail.com\");\nln.setpassword(\"Password@1234\");\nln.clicksubmit();\nln.verifylogin();",
              "err": {},
              "uuid": "b915de7a-b44b-4f86-a819-dec116542305",
              "parentUUID": "2f358690-97c7-49ee-88a6-5a4887cff295",
              "isHook": false,
              "skipped": false
            }
          ],
          "suites": [],
          "passes": [
            "b915de7a-b44b-4f86-a819-dec116542305"
          ],
          "failures": [],
          "pending": [],
          "skipped": [],
          "duration": 7432,
          "root": false,
          "rootEmpty": false,
          "_timeout": 2000
        }
      ],
      "passes": [],
      "failures": [],
      "pending": [],
      "skipped": [],
      "duration": 0,
      "root": true,
      "rootEmpty": true,
      "_timeout": 2000
    }
  ],
  "meta": {
    "mocha": {
      "version": "7.2.0"
    },
    "mochawesome": {
      "options": {
        "quiet": false,
        "reportFilename": "mochawesome",
        "saveHtml": true,
        "saveJson": true,
        "consoleReporter": "spec",
        "useInlineDiffs": false,
        "code": true
      },
      "version": "7.1.3"
    },
    "marge": {
      "options": {
        "reportDir": "cypress/reports",
        "overwrite": false,
        "html": true,
        "json": true
      },
      "version": "6.2.0"
    }
  }
}