{
  "stats": {
    "suites": 1,
    "tests": 1,
    "passes": 1,
    "pending": 0,
    "failures": 0,
    "start": "2025-08-24T19:21:03.807Z",
    "end": "2025-08-24T19:21:17.588Z",
    "duration": 13781,
    "testsRegistered": 1,
    "passPercent": 100,
    "pendingPercent": 0,
    "other": 0,
    "hasOther": false,
    "skipped": 0,
    "hasSkipped": false
  },
  "results": [
    {
      "uuid": "e500cdee-b83b-43a1-b86d-a53e9509ba8d",
      "title": "",
      "fullFile": "cypress\\e2e\\Login.cy.js",
      "file": "cypress\\e2e\\Login.cy.js",
      "beforeHooks": [],
      "afterHooks": [],
      "tests": [],
      "suites": [
        {
          "uuid": "9f2b0d38-be65-4639-b129-b333fe5327b6",
          "title": "login test",
          "fullFile": "",
          "file": "",
          "beforeHooks": [],
          "afterHooks": [],
          "tests": [
            {
              "title": "login with valid password",
              "fullTitle": "login test login with valid password",
              "timedOut": null,
              "duration": 10210,
              "state": "passed",
              "speed": "slow",
              "pass": true,
              "fail": false,
              "pending": false,
              "context": null,
              "code": "const ln = new _LoginPage.default();\nln.openpage();\nln.setusename(\"eashan2@gmail.com\");\nln.setpassword(\"Password@1234\");\nln.clicksubmit();\nln.verifylogin();",
              "err": {},
              "uuid": "39280ada-53b3-459c-86e9-bbbd600d528d",
              "parentUUID": "9f2b0d38-be65-4639-b129-b333fe5327b6",
              "isHook": false,
              "skipped": false
            }
          ],
          "suites": [],
          "passes": [
            "39280ada-53b3-459c-86e9-bbbd600d528d"
          ],
          "failures": [],
          "pending": [],
          "skipped": [],
          "duration": 10210,
          "root": false,
          "rootEmpty": false,
          "_timeout": 2000
        }
      ],
      "passes": [],
      "failures": [],
      "pending": [],
      "skipped": [],
      "duration": 0,
      "root": true,
      "rootEmpty": true,
      "_timeout": 2000
    }
  ],
  "meta": {
    "mocha": {
      "version": "7.2.0"
    },
    "mochawesome": {
      "options": {
        "quiet": false,
        "reportFilename": "mochawesome",
        "saveHtml": true,
        "saveJson": true,
        "consoleReporter": "spec",
        "useInlineDiffs": false,
        "code": true
      },
      "version": "7.1.3"
    },
    "marge": {
      "options": {
        "reportDir": "cypress/reports",
        "overwrite": false,
        "html": true,
        "json": true
      },
      "version": "6.2.0"
    }
  }
}