{
  "stats": {
    "suites": 1,
    "tests": 1,
    "passes": 1,
    "pending": 0,
    "failures": 0,
    "start": "2025-08-24T19:13:20.744Z",
    "end": "2025-08-24T19:13:35.315Z",
    "duration": 14571,
    "testsRegistered": 1,
    "passPercent": 100,
    "pendingPercent": 0,
    "other": 0,
    "hasOther": false,
    "skipped": 0,
    "hasSkipped": false
  },
  "results": [
    {
      "uuid": "4eb0c2d1-b378-436f-83ae-ad3793ba44eb",
      "title": "",
      "fullFile": "cypress\\e2e\\add_to_cart.cy.js",
      "file": "cypress\\e2e\\add_to_cart.cy.js",
      "beforeHooks": [],
      "afterHooks": [],
      "tests": [],
      "suites": [
        {
          "uuid": "0e0a734e-28cc-4426-8137-0c3d0e3d9446",
          "title": "Product Page Functionality",
          "fullFile": "",
          "file": "",
          "beforeHooks": [],
          "afterHooks": [],
          "tests": [
            {
              "title": "should allow a user to add an item to the cart",
              "fullTitle": "Product Page Functionality should allow a user to add an item to the cart",
              "timedOut": null,
              "duration": 11989,
              "state": "passed",
              "speed": "slow",
              "pass": true,
              "fail": false,
              "pending": false,
              "context": null,
              "code": "const ad = new _InventoryPage.default();\nad.visitproduct();\nad.clickonbluetop();\nad.continueshop();\nad.opencart();\nad.verifybluetop();",
              "err": {},
              "uuid": "59d87fc3-98db-4188-9eee-bc52145aaba5",
              "parentUUID": "0e0a734e-28cc-4426-8137-0c3d0e3d9446",
              "isHook": false,
              "skipped": false
            }
          ],
          "suites": [],
          "passes": [
            "59d87fc3-98db-4188-9eee-bc52145aaba5"
          ],
          "failures": [],
          "pending": [],
          "skipped": [],
          "duration": 11989,
          "root": false,
          "rootEmpty": false,
          "_timeout": 2000
        }
      ],
      "passes": [],
      "failures": [],
      "pending": [],
      "skipped": [],
      "duration": 0,
      "root": true,
      "rootEmpty": true,
      "_timeout": 2000
    }
  ],
  "meta": {
    "mocha": {
      "version": "7.2.0"
    },
    "mochawesome": {
      "options": {
        "quiet": false,
        "reportFilename": "mochawesome",
        "saveHtml": true,
        "saveJson": true,
        "consoleReporter": "spec",
        "useInlineDiffs": false,
        "code": true
      },
      "version": "7.1.3"
    },
    "marge": {
      "options": {
        "reportDir": "cypress/reports",
        "overwrite": false,
        "html": true,
        "json": true
      },
      "version": "6.2.0"
    }
  }
}